<?xml version="1.0" encoding="UTF-8"?>
<!-- Generated by org.testng.reporters.JUnitXMLReporter -->
<testsuite ignored="0" hostname="DESKTOP-L8UTCVQ" failures="1" tests="5" name="Test" time="72.969" errors="0" timestamp="2025-02-20T09:06:20 IST">
  <testcase classname="com.Testcase.RegisterTestCases" name="VerifyInvalidregistration" time="13.03"/>
  <testcase classname="com.Testcase.RegisterTestCases" name="Verifyvalidregistration" time="11.96"/>
  <testcase classname="com.Testcase.productCartTestCases" name="VerifyProductPrice" time="23.089">
    <failure type="java.lang.NumberFormatException" message="For input string: &amp;quot;800.00&amp;quot;">
      <![CDATA[java.lang.NumberFormatException: For input string: "800.00"
at java.base/java.lang.NumberFormatException.forInputString(NumberFormatException.java:67)
at java.base/java.lang.Integer.parseInt(Integer.java:668)
at java.base/java.lang.Integer.parseInt(Integer.java:786)
at com.Testcase.productCartTestCases.VerifyProductPrice(productCartTestCases.java:77)
at java.base/java.util.ArrayList.forEach(ArrayList.java:1511)
... Removed 27 stack frames]]>
    </failure>
  </testcase> <!-- VerifyProductPrice -->
  <testcase classname="com.Testcase.LoginTestCases" name="verifyInValidLogin" time="9.507"/>
  <testcase classname="com.Testcase.LoginTestCases" name="verifyValidLogin" time="15.308"/>
</testsuite> <!-- Test -->
