<?xml version="1.0" encoding="UTF-8"?>
<!-- Generated by org.testng.reporters.JUnitXMLReporter -->
<testsuite ignored="0" hostname="TMGLAP998" failures="0" tests="4" name="Test" time="34.071" errors="0" timestamp="2024-01-31T09:57:23 IST">
  <testcase classname="com.Testcase.RegisterTestCases" name="Verifyvalidregistration" time="8.231"/>
  <testcase classname="com.Testcase.RegisterTestCases" name="VerifyInvalidregistration" time="8.175"/>
  <testcase classname="com.Testcase.LoginTestCases" name="verifyValidLogin" time="8.991"/>
  <testcase classname="com.Testcase.LoginTestCases" name="verifyInValidLogin" time="8.62"/>
</testsuite> <!-- Test -->
