<?xml version="1.0" encoding="UTF-8"?>
<!-- Generated by org.testng.reporters.JUnitXMLReporter -->
<testsuite ignored="0" hostname="DESKTOP-L8UTCVQ" failures="1" tests="5" name="Test" time="69.05" errors="0" timestamp="2025-02-20T10:23:56 IST">
  <testcase classname="com.Testcase.RegisterTestCases" name="VerifyInvalidregistration" time="9.776"/>
  <testcase classname="com.Testcase.RegisterTestCases" name="Verifyvalidregistration" time="12.524"/>
  <testcase classname="com.Testcase.productCartTestCases" name="VerifyProductPrice" time="18.733">
    <failure type="java.lang.NumberFormatException" message="For input string: &amp;quot;800.00&amp;quot;">
      <![CDATA[java.lang.NumberFormatException: For input string: "800.00"
at java.base/java.lang.NumberFormatException.forInputString(NumberFormatException.java:67)
at java.base/java.lang.Integer.parseInt(Integer.java:668)
at java.base/java.lang.Integer.parseInt(Integer.java:786)
at com.Testcase.productCartTestCases.VerifyProductPrice(productCartTestCases.java:77)
at java.base/java.util.ArrayList.forEach(ArrayList.java:1511)
... Removed 31 stack frames]]>
    </failure>
  </testcase> <!-- VerifyProductPrice -->
  <testcase classname="com.Testcase.LoginTestCases" name="verifyInValidLogin" time="15.401"/>
  <testcase classname="com.Testcase.LoginTestCases" name="verifyValidLogin" time="12.501"/>
</testsuite> <!-- Test -->
