<?xml version="1.0" encoding="UTF-8"?>
<testng-results ignored="0" total="5" passed="4" failed="1" skipped="0">
  <reporter-output>
  </reporter-output>
  <suite started-at="2025-02-20T10:40:02 IST" name="Suite" finished-at="2025-02-20T10:41:39 IST" duration-ms="96477">
    <groups>
    </groups>
    <test started-at="2025-02-20T10:40:02 IST" name="Test" finished-at="2025-02-20T10:41:39 IST" duration-ms="96477">
      <class name="com.Testcase.RegisterTestCases">
        <test-method signature="VerifyInvalidregistration()[pri:0, instance:com.Testcase.RegisterTestCases@3e92efc3]" started-at="2025-02-20T10:40:02 IST" name="VerifyInvalidregistration" finished-at="2025-02-20T10:40:14 IST" duration-ms="11446" status="PASS">
          <reporter-output>
          </reporter-output>
        </test-method> <!-- VerifyInvalidregistration -->
        <test-method signature="Verifyvalidregistration()[pri:0, instance:com.Testcase.RegisterTestCases@3e92efc3]" started-at="2025-02-20T10:40:14 IST" name="Verifyvalidregistration" finished-at="2025-02-20T10:40:31 IST" duration-ms="16819" status="PASS">
          <reporter-output>
          </reporter-output>
        </test-method> <!-- Verifyvalidregistration -->
      </class> <!-- com.Testcase.RegisterTestCases -->
      <class name="com.Testcase.productCartTestCases">
        <test-method signature="VerifyProductPrice()[pri:0, instance:com.Testcase.productCartTestCases@e056f20]" started-at="2025-02-20T10:40:31 IST" name="VerifyProductPrice" finished-at="2025-02-20T10:40:55 IST" duration-ms="23970" status="FAIL">
          <exception class="java.lang.NumberFormatException">
            <message>
              <![CDATA[For input string: "800.00"]]>
            </message>
            <full-stacktrace>
              <![CDATA[java.lang.NumberFormatException: For input string: "800.00"
at java.base/java.lang.NumberFormatException.forInputString(NumberFormatException.java:67)
at java.base/java.lang.Integer.parseInt(Integer.java:668)
at java.base/java.lang.Integer.parseInt(Integer.java:786)
at com.Testcase.productCartTestCases.VerifyProductPrice(productCartTestCases.java:77)
at java.base/jdk.internal.reflect.NativeMethodAccessorImpl.invoke0(Native Method)
at java.base/jdk.internal.reflect.NativeMethodAccessorImpl.invoke(NativeMethodAccessorImpl.java:77)
at java.base/jdk.internal.reflect.DelegatingMethodAccessorImpl.invoke(DelegatingMethodAccessorImpl.java:43)
at java.base/java.lang.reflect.Method.invoke(Method.java:568)
at org.testng.internal.invokers.MethodInvocationHelper.invokeMethod(MethodInvocationHelper.java:139)
at org.testng.internal.invokers.TestInvoker.invokeMethod(TestInvoker.java:664)
at org.testng.internal.invokers.TestInvoker.invokeTestMethod(TestInvoker.java:228)
at org.testng.internal.invokers.MethodRunner.runInSequence(MethodRunner.java:63)
at org.testng.internal.invokers.TestInvoker$MethodInvocationAgent.invoke(TestInvoker.java:961)
at org.testng.internal.invokers.TestInvoker.invokeTestMethods(TestInvoker.java:201)
at org.testng.internal.invokers.TestMethodWorker.invokeTestMethods(TestMethodWorker.java:148)
at org.testng.internal.invokers.TestMethodWorker.run(TestMethodWorker.java:128)
at java.base/java.util.ArrayList.forEach(ArrayList.java:1511)
at org.testng.TestRunner.privateRun(TestRunner.java:819)
at org.testng.TestRunner.run(TestRunner.java:619)
at org.testng.SuiteRunner.runTest(SuiteRunner.java:443)
at org.testng.SuiteRunner.runSequentially(SuiteRunner.java:437)
at org.testng.SuiteRunner.privateRun(SuiteRunner.java:397)
at org.testng.SuiteRunner.run(SuiteRunner.java:336)
at org.testng.SuiteRunnerWorker.runSuite(SuiteRunnerWorker.java:52)
at org.testng.SuiteRunnerWorker.run(SuiteRunnerWorker.java:95)
at org.testng.TestNG.runSuitesSequentially(TestNG.java:1301)
at org.testng.TestNG.runSuitesLocally(TestNG.java:1228)
at org.testng.TestNG.runSuites(TestNG.java:1134)
at org.testng.TestNG.run(TestNG.java:1101)
at org.apache.maven.surefire.testng.TestNGExecutor.run(TestNGExecutor.java:308)
at org.apache.maven.surefire.testng.TestNGXmlTestSuite.execute(TestNGXmlTestSuite.java:71)
at org.apache.maven.surefire.testng.TestNGProvider.invoke(TestNGProvider.java:113)
at org.apache.maven.surefire.booter.ForkedBooter.runSuitesInProcess(ForkedBooter.java:385)
at org.apache.maven.surefire.booter.ForkedBooter.execute(ForkedBooter.java:162)
at org.apache.maven.surefire.booter.ForkedBooter.run(ForkedBooter.java:507)
at org.apache.maven.surefire.booter.ForkedBooter.main(ForkedBooter.java:495)
]]>
            </full-stacktrace>
          </exception> <!-- java.lang.NumberFormatException -->
          <reporter-output>
          </reporter-output>
        </test-method> <!-- VerifyProductPrice -->
      </class> <!-- com.Testcase.productCartTestCases -->
      <class name="com.Testcase.LoginTestCases">
        <test-method signature="verifyInValidLogin()[pri:0, instance:com.Testcase.LoginTestCases@4b0b0854]" started-at="2025-02-20T10:40:55 IST" name="verifyInValidLogin" finished-at="2025-02-20T10:41:19 IST" duration-ms="24442" status="PASS">
          <reporter-output>
          </reporter-output>
        </test-method> <!-- verifyInValidLogin -->
        <test-method signature="verifyValidLogin()[pri:0, instance:com.Testcase.LoginTestCases@4b0b0854]" started-at="2025-02-20T10:41:19 IST" name="verifyValidLogin" finished-at="2025-02-20T10:41:39 IST" duration-ms="19733" status="PASS">
          <reporter-output>
          </reporter-output>
        </test-method> <!-- verifyValidLogin -->
      </class> <!-- com.Testcase.LoginTestCases -->
    </test> <!-- Test -->
  </suite> <!-- Suite -->
</testng-results>
