<?xml version="1.0" encoding="UTF-8"?>
<testng-results ignored="0" total="5" passed="4" failed="1" skipped="0">
  <reporter-output>
  </reporter-output>
  <suite started-at="2025-02-20T09:05:06 IST" name="Suite" finished-at="2025-02-20T09:06:19 IST" duration-ms="72969">
    <groups>
    </groups>
    <test started-at="2025-02-20T09:05:06 IST" name="Test" finished-at="2025-02-20T09:06:19 IST" duration-ms="72969">
      <class name="com.Testcase.RegisterTestCases">
        <test-method signature="VerifyInvalidregistration()[pri:0, instance:com.Testcase.RegisterTestCases@383bfa16]" started-at="2025-02-20T09:05:06 IST" name="VerifyInvalidregistration" finished-at="2025-02-20T09:05:19 IST" duration-ms="13030" status="PASS">
          <reporter-output>
          </reporter-output>
        </test-method> <!-- VerifyInvalidregistration -->
        <test-method signature="Verifyvalidregistration()[pri:0, instance:com.Testcase.RegisterTestCases@383bfa16]" started-at="2025-02-20T09:05:19 IST" name="Verifyvalidregistration" finished-at="2025-02-20T09:05:31 IST" duration-ms="11960" status="PASS">
          <reporter-output>
          </reporter-output>
        </test-method> <!-- Verifyvalidregistration -->
      </class> <!-- com.Testcase.RegisterTestCases -->
      <class name="com.Testcase.productCartTestCases">
        <test-method signature="VerifyProductPrice()[pri:0, instance:com.Testcase.productCartTestCases@614ca7df]" started-at="2025-02-20T09:05:31 IST" name="VerifyProductPrice" finished-at="2025-02-20T09:05:54 IST" duration-ms="23089" status="FAIL">
          <exception class="java.lang.NumberFormatException">
            <message>
              <![CDATA[For input string: "800.00"]]>
            </message>
            <full-stacktrace>
              <![CDATA[java.lang.NumberFormatException: For input string: "800.00"
at java.base/java.lang.NumberFormatException.forInputString(NumberFormatException.java:67)
at java.base/java.lang.Integer.parseInt(Integer.java:668)
at java.base/java.lang.Integer.parseInt(Integer.java:786)
at com.Testcase.productCartTestCases.VerifyProductPrice(productCartTestCases.java:77)
at java.base/jdk.internal.reflect.NativeMethodAccessorImpl.invoke0(Native Method)
at java.base/jdk.internal.reflect.NativeMethodAccessorImpl.invoke(NativeMethodAccessorImpl.java:77)
at java.base/jdk.internal.reflect.DelegatingMethodAccessorImpl.invoke(DelegatingMethodAccessorImpl.java:43)
at java.base/java.lang.reflect.Method.invoke(Method.java:568)
at org.testng.internal.MethodInvocationHelper.invokeMethod(MethodInvocationHelper.java:133)
at org.testng.internal.TestInvoker.invokeMethod(TestInvoker.java:598)
at org.testng.internal.TestInvoker.invokeTestMethod(TestInvoker.java:173)
at org.testng.internal.MethodRunner.runInSequence(MethodRunner.java:46)
at org.testng.internal.TestInvoker$MethodInvocationAgent.invoke(TestInvoker.java:824)
at org.testng.internal.TestInvoker.invokeTestMethods(TestInvoker.java:146)
at org.testng.internal.TestMethodWorker.invokeTestMethods(TestMethodWorker.java:146)
at org.testng.internal.TestMethodWorker.run(TestMethodWorker.java:128)
at java.base/java.util.ArrayList.forEach(ArrayList.java:1511)
at org.testng.TestRunner.privateRun(TestRunner.java:794)
at org.testng.TestRunner.run(TestRunner.java:596)
at org.testng.SuiteRunner.runTest(SuiteRunner.java:377)
at org.testng.SuiteRunner.runSequentially(SuiteRunner.java:371)
at org.testng.SuiteRunner.privateRun(SuiteRunner.java:332)
at org.testng.SuiteRunner.run(SuiteRunner.java:276)
at org.testng.SuiteRunnerWorker.runSuite(SuiteRunnerWorker.java:53)
at org.testng.SuiteRunnerWorker.run(SuiteRunnerWorker.java:96)
at org.testng.TestNG.runSuitesSequentially(TestNG.java:1212)
at org.testng.TestNG.runSuitesLocally(TestNG.java:1134)
at org.testng.TestNG.runSuites(TestNG.java:1063)
at org.testng.TestNG.run(TestNG.java:1031)
at org.testng.remote.AbstractRemoteTestNG.run(AbstractRemoteTestNG.java:115)
at org.testng.remote.RemoteTestNG.initAndRun(RemoteTestNG.java:251)
at org.testng.remote.RemoteTestNG.main(RemoteTestNG.java:77)
]]>
            </full-stacktrace>
          </exception> <!-- java.lang.NumberFormatException -->
          <reporter-output>
          </reporter-output>
        </test-method> <!-- VerifyProductPrice -->
      </class> <!-- com.Testcase.productCartTestCases -->
      <class name="com.Testcase.LoginTestCases">
        <test-method signature="verifyInValidLogin()[pri:0, instance:com.Testcase.LoginTestCases@4738a206]" started-at="2025-02-20T09:05:54 IST" name="verifyInValidLogin" finished-at="2025-02-20T09:06:04 IST" duration-ms="9507" status="PASS">
          <reporter-output>
          </reporter-output>
        </test-method> <!-- verifyInValidLogin -->
        <test-method signature="verifyValidLogin()[pri:0, instance:com.Testcase.LoginTestCases@4738a206]" started-at="2025-02-20T09:06:04 IST" name="verifyValidLogin" finished-at="2025-02-20T09:06:19 IST" duration-ms="15308" status="PASS">
          <reporter-output>
          </reporter-output>
        </test-method> <!-- verifyValidLogin -->
      </class> <!-- com.Testcase.LoginTestCases -->
    </test> <!-- Test -->
  </suite> <!-- Suite -->
</testng-results>
