<?xml version="1.0" encoding="UTF-8"?>
<testng-results ignored="0" total="5" passed="5" failed="0" skipped="0">
  <reporter-output>
  </reporter-output>
  <suite started-at="2025-02-20T10:57:38 IST" name="Suite" finished-at="2025-02-20T10:58:51 IST" duration-ms="73111">
    <groups>
    </groups>
    <test started-at="2025-02-20T10:57:38 IST" name="Test" finished-at="2025-02-20T10:58:51 IST" duration-ms="73111">
      <class name="com.Testcase.RegisterTestCases">
        <test-method signature="VerifyInvalidregistration()[pri:0, instance:com.Testcase.RegisterTestCases@383bfa16]" started-at="2025-02-20T10:57:38 IST" name="VerifyInvalidregistration" finished-at="2025-02-20T10:57:51 IST" duration-ms="13203" status="PASS">
          <reporter-output>
          </reporter-output>
        </test-method> <!-- VerifyInvalidregistration -->
        <test-method signature="Verifyvalidregistration()[pri:0, instance:com.Testcase.RegisterTestCases@383bfa16]" started-at="2025-02-20T10:57:51 IST" name="Verifyvalidregistration" finished-at="2025-02-20T10:58:01 IST" duration-ms="9618" status="PASS">
          <reporter-output>
          </reporter-output>
        </test-method> <!-- Verifyvalidregistration -->
      </class> <!-- com.Testcase.RegisterTestCases -->
      <class name="com.Testcase.productCartTestCases">
        <test-method signature="VerifyProductPrice()[pri:0, instance:com.Testcase.productCartTestCases@614ca7df]" started-at="2025-02-20T10:58:01 IST" name="VerifyProductPrice" finished-at="2025-02-20T10:58:22 IST" duration-ms="20970" status="PASS">
          <reporter-output>
          </reporter-output>
        </test-method> <!-- VerifyProductPrice -->
      </class> <!-- com.Testcase.productCartTestCases -->
      <class name="com.Testcase.LoginTestCases">
        <test-method signature="verifyInValidLogin()[pri:0, instance:com.Testcase.LoginTestCases@4738a206]" started-at="2025-02-20T10:58:22 IST" name="verifyInValidLogin" finished-at="2025-02-20T10:58:36 IST" duration-ms="14449" status="PASS">
          <reporter-output>
          </reporter-output>
        </test-method> <!-- verifyInValidLogin -->
        <test-method signature="verifyValidLogin()[pri:0, instance:com.Testcase.LoginTestCases@4738a206]" started-at="2025-02-20T10:58:36 IST" name="verifyValidLogin" finished-at="2025-02-20T10:58:51 IST" duration-ms="14809" status="PASS">
          <reporter-output>
          </reporter-output>
        </test-method> <!-- verifyValidLogin -->
      </class> <!-- com.Testcase.LoginTestCases -->
    </test> <!-- Test -->
  </suite> <!-- Suite -->
</testng-results>
