<?xml version="1.0" encoding="UTF-8"?>
<!-- Generated by org.testng.reporters.JUnitReportReporter -->
<testsuite hostname="DESKTOP-L8UTCVQ" failures="0" tests="2" name="com.Testcase.LoginTestCases" time="24.815" errors="0" timestamp="2025-02-20T09:06:21 IST" skipped="0">
  <testcase classname="com.Testcase.LoginTestCases" name="verifyInValidLogin" time="9.507"/>
  <system-out/>
  <testcase classname="com.Testcase.LoginTestCases" name="verifyValidLogin" time="15.308"/>
  <system-out/>
</testsuite> <!-- com.Testcase.LoginTestCases -->
