<?xml version="1.0" encoding="UTF-8"?>
<!-- Generated by org.testng.reporters.JUnitReportReporter -->
<testsuite hostname="DESKTOP-L8UTCVQ" failures="0" tests="2" name="com.Testcase.RegisterTestCases" time="22.821" errors="0" timestamp="2025-02-20T10:58:52 IST" skipped="0">
  <testcase classname="com.Testcase.RegisterTestCases" name="Verifyvalidregistration" time="9.618"/>
  <system-out/>
  <testcase classname="com.Testcase.RegisterTestCases" name="VerifyInvalidregistration" time="13.203"/>
  <system-out/>
</testsuite> <!-- com.Testcase.RegisterTestCases -->
