<?xml version="1.0" encoding="UTF-8"?>
<!-- Generated by org.testng.reporters.JUnitReportReporter -->
<testsuite hostname="DESKTOP-L8UTCVQ" failures="0" tests="2" name="com.Testcase.LoginTestCases" time="27.902" errors="0" timestamp="2025-02-20T10:23:56 IST" skipped="0">
  <testcase classname="com.Testcase.LoginTestCases" name="verifyInValidLogin" time="15.401"/>
  <testcase classname="com.Testcase.LoginTestCases" name="verifyValidLogin" time="12.501"/>
</testsuite> <!-- com.Testcase.LoginTestCases -->
