<?xml version="1.0" encoding="UTF-8"?>
<!-- Generated by org.testng.reporters.JUnitReportReporter -->
<testsuite hostname="DESKTOP-L8UTCVQ" failures="0" tests="2" name="com.Testcase.RegisterTestCases" time="28.265" errors="0" timestamp="2025-02-20T10:41:58 IST" skipped="0">
  <testcase classname="com.Testcase.RegisterTestCases" name="VerifyInvalidregistration" time="11.446"/>
  <testcase classname="com.Testcase.RegisterTestCases" name="Verifyvalidregistration" time="16.819"/>
</testsuite> <!-- com.Testcase.RegisterTestCases -->
